<?xml version="1.0" encoding="UTF-8"?>
<testng-results ignored="0" total="1" passed="1" failed="0" skipped="0">
  <reporter-output>
  </reporter-output>
  <suite started-at="2026-05-06T13:57:18 IST" name="Default suite" finished-at="2026-05-06T13:57:25 IST" duration-ms="7024">
    <groups>
    </groups>
    <test started-at="2026-05-06T13:57:18 IST" name="Default test" finished-at="2026-05-06T13:57:25 IST" duration-ms="7024">
      <class name="testScript1.TableHandling">
        <test-method is-config="true" signature="browserInitialization()[pri:0, instance:testScript1.TableHandling@6069db50]" started-at="2026-05-06T13:57:18 IST" name="browserInitialization" finished-at="2026-05-06T13:57:23 IST" duration-ms="5413" status="PASS">
          <reporter-output>
          </reporter-output>
        </test-method> <!-- browserInitialization -->
        <test-method signature="columnPrinting()[pri:0, instance:testScript1.TableHandling@6069db50]" started-at="2026-05-06T13:57:23 IST" name="columnPrinting" finished-at="2026-05-06T13:57:25 IST" duration-ms="1287" status="PASS">
          <reporter-output>
          </reporter-output>
        </test-method> <!-- columnPrinting -->
        <test-method is-config="true" signature="browserClose()[pri:0, instance:testScript1.TableHandling@6069db50]" started-at="2026-05-06T13:57:25 IST" name="browserClose" finished-at="2026-05-06T13:57:25 IST" duration-ms="255" status="PASS">
          <reporter-output>
          </reporter-output>
        </test-method> <!-- browserClose -->
      </class> <!-- testScript1.TableHandling -->
    </test> <!-- Default test -->
  </suite> <!-- Default suite -->
</testng-results>
