<?xml version="1.0" encoding="UTF-8"?>
<!-- Generated by org.testng.reporters.JUnitReportReporter -->
<testsuite hostname="DESKTOP-3RS7JLM" failures="0" tests="2" name="testScript1.ActionHandling" time="13.937" errors="0" timestamp="2026-05-06T13:56:27 IST" skipped="0">
  <testcase classname="testScript1.ActionHandling" name="rightClickMethod" time="6.356"/>
  <testcase classname="testScript1.ActionHandling" name="dragAndDropMethod" time="7.581"/>
</testsuite> <!-- testScript1.ActionHandling -->
