<?xml version="1.0" encoding="UTF-8"?>
<!-- Generated by org.testng.reporters.JUnitReportReporter -->
<testsuite hostname="DESKTOP-3RS7JLM" failures="0" tests="3" name="testScript1.AlertHandling" time="19.364" errors="0" timestamp="2026-05-06T13:56:56 IST" skipped="0">
  <testcase classname="testScript1.AlertHandling" name="promptAlert" time="6.834"/>
  <testcase classname="testScript1.AlertHandling" name="simpleAlert" time="6.263"/>
  <testcase classname="testScript1.AlertHandling" name="confirmationAlert" time="6.267"/>
</testsuite> <!-- testScript1.AlertHandling -->
